<?xml version="1.0" encoding="UTF-8"?>
<!-- Generated by org.testng.reporters.JUnitReportReporter -->
<testsuite hostname="Our-Dell-Laptop" failures="0" tests="2" name="TestCases.Login" time="0.943" errors="0" timestamp="2024-03-21T11:35:27 IST" skipped="1">
  <testcase classname="TestCases.Login" name="loginTest" time="0.943"/>
  <testcase classname="TestCases.Login" name="loginTest">
    <skipped/>
  </testcase> <!-- loginTest -->
  <system-out>
    <![CDATA[Initiating Browser and navigating to URL!
Browser initiated and navigated to URL.
Closing all  browser sessions!
All browser sessions closed.]]>
  </system-out>
</testsuite> <!-- TestCases.Login -->
