<?xml version="1.0" encoding="UTF-8"?>
<!-- Generated by org.testng.reporters.JUnitReportReporter -->
<testsuite hostname="Our-Dell-Laptop" failures="0" tests="1" name="com.peekay.dataProvider.GetExcelData" time="1.011" errors="0" timestamp="2024-03-12T13:57:08 IST" skipped="0">
  <testcase classname="com.peekay.dataProvider.GetExcelData" name="getData" time="1.011"/>
</testsuite> <!-- com.peekay.dataProvider.GetExcelData -->
