<?xml version="1.0" encoding="UTF-8"?>
<!-- Generated by org.testng.reporters.JUnitReportReporter -->
<testsuite hostname="Our-Dell-Laptop" failures="0" tests="11" name="TestCases.Login" time="0.036" errors="0" timestamp="2024-03-28T16:15:26 IST" skipped="1">
  <testcase classname="TestCases.Login" name="loginTest" time="0.002"/>
  <testcase classname="TestCases.Login" name="loginTest" time="0.002"/>
  <testcase classname="TestCases.Login" name="loginTest" time="0.002"/>
  <testcase classname="TestCases.Login" name="loginTest" time="0.003"/>
  <testcase classname="TestCases.Login" name="loginTest" time="0.003"/>
  <testcase classname="TestCases.Login" name="loginTest" time="0.003"/>
  <testcase classname="TestCases.Login" name="loginTest" time="0.004"/>
  <testcase classname="TestCases.Login" name="loginTest" time="0.005"/>
  <testcase classname="TestCases.Login" name="loginTest" time="0.009"/>
  <testcase classname="TestCases.Login" name="loginTest" time="0.003"/>
  <testcase classname="TestCases.Login" name="loginTest">
    <skipped/>
  </testcase> <!-- loginTest -->
  <system-out>
    <![CDATA[Initiating Browser and navigating to URL!
Browser initiated and navigated to URL.
Closing all  browser sessions!
All browser sessions closed.]]>
  </system-out>
</testsuite> <!-- TestCases.Login -->
