<?xml version="1.0" encoding="UTF-8"?>
<!-- Generated by org.testng.reporters.JUnitReportReporter -->
<testsuite hostname="Our-Dell-Laptop" failures="0" tests="1" name="TestCases.Logout" time="6.681" errors="0" timestamp="2024-03-27T18:40:05 IST" skipped="0">
  <testcase classname="TestCases.Logout" name="logoutTest" time="6.681"/>
  <system-out>
    <![CDATA[Initiating Browser and navigating to URL!
Browser initiated and navigated to URL.
Closing all  browser sessions!
All browser sessions closed.]]>
  </system-out>
</testsuite> <!-- TestCases.Logout -->
