<?xml version="1.0" encoding="UTF-8"?>
<!-- Generated by org.testng.reporters.JUnitReportReporter -->
<testsuite hostname="Our-Dell-Laptop" failures="0" tests="11" name="TestCases.Login" time="1.001" errors="0" timestamp="2024-03-28T18:48:10 IST" skipped="0">
  <testcase classname="TestCases.Login" name="loginTest" time="0.001"/>
  <testcase classname="TestCases.Login" name="loginTest" time="0.002"/>
  <testcase classname="TestCases.Login" name="loginTest" time="0.002"/>
  <testcase classname="TestCases.Login" name="loginTest" time="0.003"/>
  <testcase classname="TestCases.Login" name="loginTest" time="0.002"/>
  <testcase classname="TestCases.Login" name="loginTest" time="0.002"/>
  <testcase classname="TestCases.Login" name="loginTest" time="0.003"/>
  <testcase classname="TestCases.Login" name="loginTest" time="0.002"/>
  <testcase classname="TestCases.Login" name="loginTest" time="0.002"/>
  <testcase classname="TestCases.Login" name="loginTest" time="0.002"/>
  <testcase classname="TestCases.Login" name="loginTest" time="0.980"/>
  <system-out>
    <![CDATA[Initiating Browser and navigating to URL!
Browser initiated and navigated to URL.
Closing all  browser sessions!
All browser sessions closed.]]>
  </system-out>
</testsuite> <!-- TestCases.Login -->
